mode: atomic
github.com/michaelokuboyejo/go-boilerplate/pkg/log/log.go:12.47,23.2 1 1
github.com/michaelokuboyejo/go-boilerplate/pkg/trace/ID.go:10.45,12.2 1 3
github.com/michaelokuboyejo/go-boilerplate/pkg/trace/ID.go:15.69,17.2 1 1
github.com/michaelokuboyejo/go-boilerplate/internal/log/log.go:14.40,16.16 2 2
github.com/michaelokuboyejo/go-boilerplate/internal/log/log.go:19.2,19.26 1 1
github.com/michaelokuboyejo/go-boilerplate/internal/log/log.go:16.16,18.3 1 1
github.com/michaelokuboyejo/go-boilerplate/internal/server/router.go:17.51,26.58 3 2
github.com/michaelokuboyejo/go-boilerplate/internal/server/router.go:30.2,30.66 1 2
github.com/michaelokuboyejo/go-boilerplate/internal/server/router.go:34.2,34.10 1 2
github.com/michaelokuboyejo/go-boilerplate/internal/server/router.go:26.58,28.3 1 1
github.com/michaelokuboyejo/go-boilerplate/internal/server/router.go:30.66,32.3 1 1
github.com/michaelokuboyejo/go-boilerplate/internal/server/router.go:37.87,38.46 1 2
github.com/michaelokuboyejo/go-boilerplate/internal/server/router.go:38.46,39.72 1 2
github.com/michaelokuboyejo/go-boilerplate/internal/server/router.go:39.72,41.17 2 2
github.com/michaelokuboyejo/go-boilerplate/internal/server/router.go:51.4,51.25 1 2
github.com/michaelokuboyejo/go-boilerplate/internal/server/router.go:41.17,50.5 2 2
github.com/michaelokuboyejo/go-boilerplate/internal/server/router.go:56.61,57.46 1 2
github.com/michaelokuboyejo/go-boilerplate/internal/server/router.go:57.46,58.72 1 2
github.com/michaelokuboyejo/go-boilerplate/internal/server/router.go:58.72,60.21 2 2
github.com/michaelokuboyejo/go-boilerplate/internal/server/router.go:63.4,65.24 3 2
github.com/michaelokuboyejo/go-boilerplate/internal/server/router.go:60.21,62.5 1 1
github.com/michaelokuboyejo/go-boilerplate/internal/server/server.go:18.39,21.53 2 2
github.com/michaelokuboyejo/go-boilerplate/internal/server/server.go:25.2,25.54 1 2
github.com/michaelokuboyejo/go-boilerplate/internal/server/server.go:29.2,29.53 1 2
github.com/michaelokuboyejo/go-boilerplate/internal/server/server.go:33.2,33.10 1 2
github.com/michaelokuboyejo/go-boilerplate/internal/server/server.go:21.53,23.3 1 1
github.com/michaelokuboyejo/go-boilerplate/internal/server/server.go:25.54,27.3 1 1
github.com/michaelokuboyejo/go-boilerplate/internal/server/server.go:29.53,31.3 1 1
